{"level":"error","message":"404 Error -  /css/main.css.map","timestamp":"2017-07-03T13:31:20.497Z"}
{"level":"error","message":"404 Error -  /css/main.css.map","timestamp":"2017-07-03T13:31:21.791Z"}
{"level":"error","message":"404 Error -  /css/main.css.map","timestamp":"2017-07-03T13:31:36.624Z"}
{"level":"error","message":"404 Error -  /css/main.css.map","timestamp":"2017-07-03T13:32:56.362Z"}
{"level":"error","message":"500 Error at D:\\Repos\\Documentation\\public\\html\\tutorials.html - { Error: ENOENT: no such file or directory, stat 'D:\\Repos\\Documentation\\public\\html\\tutorials.html'\n  errno: \u001b[33m-4058\u001b[39m,\n  code: \u001b[32m'ENOENT'\u001b[39m,\n  syscall: \u001b[32m'stat'\u001b[39m,\n  path: \u001b[32m'D:\\\\Repos\\\\Documentation\\\\public\\\\html\\\\tutorials.html'\u001b[39m,\n  expose: \u001b[33mfalse\u001b[39m,\n  statusCode: \u001b[33m404\u001b[39m,\n  status: \u001b[33m404\u001b[39m }","timestamp":"2017-07-06T21:46:44.058Z"}
{"level":"error","message":"500 Error at C:\\Users\\adinas\\Documents\\Hacks\\Documentation\\public\\html\\generals.html - { Error: ENOENT: no such file or directory, stat 'C:\\Users\\adinas\\Documents\\Hacks\\Documentation\\public\\html\\generals.html'\n    at Error (native)\n  errno: \u001b[33m-4058\u001b[39m,\n  code: \u001b[32m'ENOENT'\u001b[39m,\n  syscall: \u001b[32m'stat'\u001b[39m,\n  path: \u001b[32m'C:\\\\Users\\\\adinas\\\\Documents\\\\Hacks\\\\Documentation\\\\public\\\\html\\\\generals.html'\u001b[39m,\n  expose: \u001b[33mfalse\u001b[39m,\n  statusCode: \u001b[33m404\u001b[39m,\n  status: \u001b[33m404\u001b[39m }","timestamp":"2017-10-23T15:57:27.499Z"}
{"level":"error","message":"500 Error at C:\\Users\\adinas\\Documents\\Hacks\\Documentation\\public\\html\\generals.html - { Error: ENOENT: no such file or directory, stat 'C:\\Users\\adinas\\Documents\\Hacks\\Documentation\\public\\html\\generals.html'\n    at Error (native)\n  errno: \u001b[33m-4058\u001b[39m,\n  code: \u001b[32m'ENOENT'\u001b[39m,\n  syscall: \u001b[32m'stat'\u001b[39m,\n  path: \u001b[32m'C:\\\\Users\\\\adinas\\\\Documents\\\\Hacks\\\\Documentation\\\\public\\\\html\\\\generals.html'\u001b[39m,\n  expose: \u001b[33mfalse\u001b[39m,\n  statusCode: \u001b[33m404\u001b[39m,\n  status: \u001b[33m404\u001b[39m }","timestamp":"2017-10-23T15:57:43.071Z"}
{"level":"error","message":"500 Error at C:\\Users\\adinas\\Documents\\Hacks\\Documentation\\public\\html\\tutorials.html - { Error: ENOENT: no such file or directory, stat 'C:\\Users\\adinas\\Documents\\Hacks\\Documentation\\public\\html\\tutorials.html'\n    at Error (native)\n  errno: \u001b[33m-4058\u001b[39m,\n  code: \u001b[32m'ENOENT'\u001b[39m,\n  syscall: \u001b[32m'stat'\u001b[39m,\n  path: \u001b[32m'C:\\\\Users\\\\adinas\\\\Documents\\\\Hacks\\\\Documentation\\\\public\\\\html\\\\tutorials.html'\u001b[39m,\n  expose: \u001b[33mfalse\u001b[39m,\n  statusCode: \u001b[33m404\u001b[39m,\n  status: \u001b[33m404\u001b[39m }","timestamp":"2017-10-23T15:57:44.311Z"}
{"level":"error","message":"500 Error at C:\\Users\\adinas\\Documents\\Hacks\\Documentation\\public\\html\\generals.html - { Error: ENOENT: no such file or directory, stat 'C:\\Users\\adinas\\Documents\\Hacks\\Documentation\\public\\html\\generals.html'\n    at Error (native)\n  errno: \u001b[33m-4058\u001b[39m,\n  code: \u001b[32m'ENOENT'\u001b[39m,\n  syscall: \u001b[32m'stat'\u001b[39m,\n  path: \u001b[32m'C:\\\\Users\\\\adinas\\\\Documents\\\\Hacks\\\\Documentation\\\\public\\\\html\\\\generals.html'\u001b[39m,\n  expose: \u001b[33mfalse\u001b[39m,\n  statusCode: \u001b[33m404\u001b[39m,\n  status: \u001b[33m404\u001b[39m }","timestamp":"2017-10-23T15:57:46.582Z"}
{"level":"error","message":"500 Error at C:\\Users\\adinas\\Documents\\Hacks\\Documentation\\public\\html\\generals.html - { Error: ENOENT: no such file or directory, stat 'C:\\Users\\adinas\\Documents\\Hacks\\Documentation\\public\\html\\generals.html'\n    at Error (native)\n  errno: \u001b[33m-4058\u001b[39m,\n  code: \u001b[32m'ENOENT'\u001b[39m,\n  syscall: \u001b[32m'stat'\u001b[39m,\n  path: \u001b[32m'C:\\\\Users\\\\adinas\\\\Documents\\\\Hacks\\\\Documentation\\\\public\\\\html\\\\generals.html'\u001b[39m,\n  expose: \u001b[33mfalse\u001b[39m,\n  statusCode: \u001b[33m404\u001b[39m,\n  status: \u001b[33m404\u001b[39m }","timestamp":"2017-10-23T15:57:53.341Z"}
{"level":"error","message":"500 Error at C:\\Users\\adinas\\Documents\\Hacks\\Documentation\\public\\html\\generals.html - { Error: ENOENT: no such file or directory, stat 'C:\\Users\\adinas\\Documents\\Hacks\\Documentation\\public\\html\\generals.html'\n    at Error (native)\n  errno: \u001b[33m-4058\u001b[39m,\n  code: \u001b[32m'ENOENT'\u001b[39m,\n  syscall: \u001b[32m'stat'\u001b[39m,\n  path: \u001b[32m'C:\\\\Users\\\\adinas\\\\Documents\\\\Hacks\\\\Documentation\\\\public\\\\html\\\\generals.html'\u001b[39m,\n  expose: \u001b[33mfalse\u001b[39m,\n  statusCode: \u001b[33m404\u001b[39m,\n  status: \u001b[33m404\u001b[39m }","timestamp":"2017-10-23T16:01:41.903Z"}
{"level":"error","message":"404 Error -  /tutorials","timestamp":"2017-10-26T09:20:10.865Z"}
{"level":"error","message":"404 Error -  /exporters","timestamp":"2017-10-26T09:20:31.351Z"}
{"level":"error","message":"404 Error -  /toturials/","timestamp":"2017-10-26T09:21:23.411Z"}
{"level":"error","message":"404 Error -  /tutorials/","timestamp":"2017-10-26T09:21:36.433Z"}
{"level":"error","message":"404 Error -  /img/tutorials/ionic-angular/screenshot1.jpg","timestamp":"2017-10-31T12:08:47.646Z"}
{"level":"error","message":"404 Error -  /img/tutorials/ionic-angular/screenshot2.jpg","timestamp":"2017-10-31T12:08:49.077Z"}
{"level":"error","message":"404 Error -  /img/tutorials/ionic-angular/screenshot3.jpg","timestamp":"2017-10-31T12:08:49.493Z"}
{"level":"error","message":"404 Error -  /basics/Starter.html","timestamp":"2017-11-08T17:44:49.316Z"}
{"level":"error","message":"404 Error -  /img/how_to/scene/ss800x400.png","timestamp":"2017-11-23T14:50:19.977Z"}
{"level":"error","message":"500 Error at C:\\Users\\User\\Documents\\GitHub\\Documentation\\public\\html\\How_To.html - { Error: ENOENT: no such file or directory, stat 'C:\\Users\\User\\Documents\\GitHub\\Documentation\\public\\html\\How_To.html'\n  errno: \u001b[33m-4058\u001b[39m,\n  code: \u001b[32m'ENOENT'\u001b[39m,\n  syscall: \u001b[32m'stat'\u001b[39m,\n  path: \u001b[32m'C:\\\\Users\\\\User\\\\Documents\\\\GitHub\\\\Documentation\\\\public\\\\html\\\\How_To.html'\u001b[39m,\n  expose: \u001b[33mfalse\u001b[39m,\n  statusCode: \u001b[33m404\u001b[39m,\n  status: \u001b[33m404\u001b[39m }","timestamp":"2018-02-28T09:38:46.322Z"}
{"level":"error","message":"404 Error -  /features/img/features/particle1.png","timestamp":"2018-03-20T12:11:25.829Z"}
{"level":"error","message":"404 Error -  /features/img/features/particle0.png","timestamp":"2018-03-20T12:11:26.751Z"}
{"level":"error","message":"404 Error -  /how-to/Animate","timestamp":"2018-03-20T12:11:37.126Z"}
{"level":"error","message":"404 Error -  /babylon101/how_to/Customise","timestamp":"2018-03-20T12:12:30.314Z"}
{"level":"error","message":"404 Error -  /How_To/img/how_to/sprites/08-1.png","timestamp":"2018-03-20T12:13:12.478Z"}
{"level":"error","message":"404 Error -  /How_To/img/how_to/sprites/08-1.png","timestamp":"2018-03-20T12:14:53.145Z"}
{"level":"error","message":"404 Error -  /How_To/img/how_to/sprites/08-1.png","timestamp":"2018-03-20T12:15:04.676Z"}
{"level":"error","message":"404 Error -  /How_To/img/how_to/sprites/08-1.png","timestamp":"2018-03-20T12:16:06.183Z"}
{"level":"error","message":"404 Error -  /features/img/features/particle0.png","timestamp":"2018-03-20T12:18:02.736Z"}
{"level":"error","message":"404 Error -  /features/img/features/particle1.png","timestamp":"2018-03-20T12:18:03.127Z"}
{"level":"error","message":"404 Error -  /babylon101/babylon101/particles","timestamp":"2018-03-20T12:18:06.346Z"}
{"level":"error","message":"404 Error -  /How_To/how_to/how_to_use_procedural_textures","timestamp":"2018-03-20T12:28:23.043Z"}
{"level":"error","message":"404 Error -  /img/features/particle0.png","timestamp":"2018-03-20T12:54:08.403Z"}
{"level":"error","message":"404 Error -  /img/features/particle1.png","timestamp":"2018-03-20T12:54:09.262Z"}
{"level":"error","message":"404 Error -  /img/features/particle0.png","timestamp":"2018-03-20T12:54:58.362Z"}
{"level":"error","message":"404 Error -  /img/features/particle1.png","timestamp":"2018-03-20T12:54:58.597Z"}
{"level":"error","message":"404 Error -  /img/features/particle0.png","timestamp":"2018-03-20T12:55:29.394Z"}
{"level":"error","message":"404 Error -  /img/features/particle1.png","timestamp":"2018-03-20T12:55:29.581Z"}
{"level":"error","message":"404 Error -  /img/features/particle0.png","timestamp":"2018-03-20T12:57:00.069Z"}
{"level":"error","message":"404 Error -  /img/features/particle1.png","timestamp":"2018-03-20T12:57:00.460Z"}
{"level":"error","message":"404 Error -  /img/features/particle0.png","timestamp":"2018-03-20T12:57:23.260Z"}
{"level":"error","message":"404 Error -  /img/features/particle1.png","timestamp":"2018-03-20T12:57:23.495Z"}
{"level":"error","message":"404 Error -  /img/features/particle0.png","timestamp":"2018-03-20T12:57:56.698Z"}
{"level":"error","message":"404 Error -  /img/features/particle1.png","timestamp":"2018-03-20T12:57:56.901Z"}
{"level":"error","message":"404 Error -  /img/features/particle0.png","timestamp":"2018-03-20T12:58:35.669Z"}
{"level":"error","message":"404 Error -  /img/features/particle1.png","timestamp":"2018-03-20T12:58:35.841Z"}
{"level":"error","message":"404 Error -  /img/features/particle0.png","timestamp":"2018-03-20T12:58:42.294Z"}
{"level":"error","message":"404 Error -  /img/features/particle1.png","timestamp":"2018-03-20T12:58:42.466Z"}
{"level":"error","message":"404 Error -  /img/features/particle0.png","timestamp":"2018-03-20T12:58:49.825Z"}
{"level":"error","message":"404 Error -  /img/features/particle1.png","timestamp":"2018-03-20T12:58:50.012Z"}
{"level":"error","message":"404 Error -  /img/features/particle0.png","timestamp":"2018-03-20T12:59:05.059Z"}
{"level":"error","message":"404 Error -  /img/features/particle1.png","timestamp":"2018-03-20T12:59:05.215Z"}
{"level":"error","message":"404 Error -  /img/features/particle0.png","timestamp":"2018-03-20T13:03:05.771Z"}
{"level":"error","message":"404 Error -  /img/features/particle1.png","timestamp":"2018-03-20T13:03:12.177Z"}
{"level":"error","message":"404 error - File not found: public\\html\\classes\\classes\\undefined.html","timestamp":"2018-03-21T18:35:35.274Z"}
{"level":"error","message":"404 error - File not found: public\\html\\classes\\classes\\undefined.html","timestamp":"2018-03-21T18:35:44.334Z"}
{"level":"error","message":"404 error - File not found: public\\html\\classes\\modules\\_3_2_.html.html","timestamp":"2018-03-21T18:44:20.235Z"}
{"level":"error","message":"404 error - File not found: public\\html\\classes\\classes\\_babylonjs_.babylon.vector3.html.html","timestamp":"2018-03-21T20:27:18.378Z"}
{"level":"error","message":"404 Error -  /css/main.css.map","timestamp":"2018-03-21T20:27:59.375Z"}
{"level":"error","message":"404 Error -  /css/main.css.map","timestamp":"2018-03-21T20:32:24.327Z"}
{"level":"error","message":"404 Error -  /css/main.css.map","timestamp":"2018-03-21T20:33:57.175Z"}
{"level":"error","message":"404 Error -  /css/main.css.map","timestamp":"2018-03-21T20:34:01.874Z"}
{"level":"error","message":"404 Error -  /css/main.css.map","timestamp":"2018-03-21T20:35:39.018Z"}
{"level":"error","message":"404 Error -  /css/main.css.map","timestamp":"2018-03-21T20:36:25.579Z"}
{"level":"error","message":"404 Error -  /css/main.css.map","timestamp":"2018-03-21T20:41:28.257Z"}
{"level":"error","message":"404 Error -  /css/main.css.map","timestamp":"2018-03-21T21:15:48.770Z"}
{"level":"error","message":"404 Error -  /css/main.css.map","timestamp":"2018-03-21T21:15:56.668Z"}
{"level":"error","message":"404 Error -  /css/main.css.map","timestamp":"2018-03-21T21:16:34.770Z"}
{"level":"error","message":"404 Error -  /css/main.css.map","timestamp":"2018-03-21T21:23:57.181Z"}
{"level":"error","message":"404 Error -  /css/main.css.map","timestamp":"2018-03-21T21:24:03.332Z"}
{"level":"error","message":"404 Error -  /css/main.css.map","timestamp":"2018-03-21T21:24:34.842Z"}
{"level":"error","message":"404 Error -  /css/main.css.map","timestamp":"2018-03-21T21:24:36.154Z"}
{"level":"error","message":"404 error - File not found: public\\html\\classes\\classes\\_babylonjs_.babylon.instancedmesh.html.html","timestamp":"2018-03-21T22:56:33.714Z"}
